<?xml version="1.0" encoding="UTF-8"?>
<!-- Generated by org.testng.reporters.JUnitReportReporter -->
<testsuite hostname="DESKTOP-7BMCPJ0" name="com.hrms.Testscripts.TC_104" tests="1" failures="0" timestamp="27 Feb 2020 18:14:13 GMT" time="50.752" errors="0">
  <testcase name="tc_104" time="50.752" classname="com.hrms.Testscripts.TC_104"/>
</testsuite> <!-- com.hrms.Testscripts.TC_104 -->
